(---------------------------------------------------------------------)
(                                                                     )
(    NC DRILL Log                                                     )
(                                                                     )
(    Drawing          : RGB_LED_SHIELD_FINAL.brd                      )
(    Software Version : 17.2P019                                      )
(    Date/Time        : Wed Dec 12 14:24:17 2018                      )
(                                                                     )
(---------------------------------------------------------------------)



 Processing NC Parameters file 'nc_param.txt' ...

 NC PARAMETERS
 -------------

 FORMAT   		3.4
 MACHINE-OFFSET		x:0.00000	y:0.00000   (inch)
 FEEDRATE		1
 COORDINATES		ABSOLUTE
 OUTPUT-UNITS		ENGLISH
 TOOL-ORDER		INCREASING
 REPEAT-CODES		YES
 SUPPRESS-LEAD-ZEROES	NO
 SUPPRESS-TRAIL-ZEROES	NO
 SUPPRESS-EQUAL		NO
 TOOL-SELECT		YES
 HEADER			none
 LEADER			12
 CODE			ASCII
 SEPARATE		YES
 SEPARATE-ROUTING	NO
 OPTIMIZE_DRILLING	YES
 ENHANCED_EXCELLON	YES
 SCALE			1.000000

 WARNING(SPMHMF-360): Design precision is greater than that of the drill output file data.
 WARNING(SPMHMF-361): Data rounding errors are very possible.
 WARNING(SPMHMF-368): Cannot find NC Drill tool file 'nc_tools.txt'
 WARNING(SPMHMF-369): ... will auto-generate tool file 'nc_tools_auto.txt'.


     Auto-generating tool file 'nc_tools_auto.txt' ...

           Size  Plating  Tool        + Tolerance  - Tolerance

          28.00  P        T01            0.000000     0.000000
          35.00  P        T02            0.000000     0.000000
          43.00  P        T03            0.000000     0.000000


Drill files being output to directory 'E:/year2/PCB/FINALASSIGNMENT/FinalRGBLED/allegro' ...



     'RGB_LED_SHIELD_FINAL-1-2.drl' created for holes connecting TOP and BOTTOM ; Plating = PLATED
     ---------------------------------------------------------------------------------------------

     Tool  Num     Size      +/- Tolerance     Plating   Quantity

     T01    1.  28.0000    0.0000/  0.0000      PLATED          2
     T02    2.  35.0000    0.0000/  0.0000      PLATED        202
     T03    3.  43.0000    0.0000/  0.0000      PLATED         24

     ---- Total holes:                                        228

     ---- Total head travel:              3.60 feet (1.10 meters)

