(---------------------------------------------------------------------)
(                                                                     )
(    Allegro Netrev Import Logic                                      )
(                                                                     )
(    Drawing          : RGB_LED_SHIELD.brd                            )
(    Software Version : 17.2P019                                      )
(    Date/Time        : Mon Dec 10 10:23:26 2018                      )
(                                                                     )
(---------------------------------------------------------------------)


------ Directives ------------

Ripup etch:                  No
Ripup delete first segment:  No
Ripup retain bondwire:       No
Ripup symbols:               Always
Missing symbol has error:    No
DRC update:                  Yes
Schematic directory:         'E:\YEAR2\PCB\FINALASSIGNMENT\FINALRGBLED\allegro'
Design Directory:            '.'
Old design name:             'E:/YEAR2/PCB/FINALASSIGNMENT/FINALRGBLED/allegro/RGB_LED_SHIELD.brd'
New design name:             'E:/YEAR2/PCB/FINALASSIGNMENT/FINALRGBLED/allegro/RGB_LED_SHIELD.brd'

CmdLine: netrev.exe -y 1 -n -i E:\YEAR2\PCB\FINALASSIGNMENT\FINALRGBLED\allegro E:\YEAR2\PCB\FINALASSIGNMENT\FINALRGBLED\allegro\RGB_LED_SHIELD.brd E:\YEAR2\PCB\FINALASSIGNMENT\FINALRGBLED\allegro\RGB_LED_SHIELD.brd

------ Preparing to read pst files ------

Starting to read E:/YEAR2/PCB/FINALASSIGNMENT/FINALRGBLED/allegro/pstchip.dat 
   Finished reading E:/YEAR2/PCB/FINALASSIGNMENT/FINALRGBLED/allegro/pstchip.dat (00:00:00.02)
Starting to read E:/YEAR2/PCB/FINALASSIGNMENT/FINALRGBLED/allegro/pstxprt.dat 
   Finished reading E:/YEAR2/PCB/FINALASSIGNMENT/FINALRGBLED/allegro/pstxprt.dat (00:00:00.00)
Starting to read E:/YEAR2/PCB/FINALASSIGNMENT/FINALRGBLED/allegro/pstxnet.dat 
   Finished reading E:/YEAR2/PCB/FINALASSIGNMENT/FINALRGBLED/allegro/pstxnet.dat (00:00:00.00)

------ Oversights/Warnings/Errors ------


------ Library Paths ------
MODULEPATH =  . 
           C:/Cadence/SPB_17.2/share/local/pcb/modules 

PSMPATH =  . 
           symbols 
           .. 
           ../symbols 
           C:/Cadence/SPB_17.2/share/local/pcb/symbols 
           C:/Cadence/SPB_17.2/share/pcb/pcb_lib/symbols 
           C:/Cadence/SPB_17.2/share/pcb/allegrolib/symbols 

PADPATH =  . 
           symbols 
           .. 
           ../symbols 
           C:/Cadence/SPB_17.2/share/local/pcb/padstacks 
           C:/Cadence/SPB_17.2/share/pcb/pcb_lib/symbols 
           C:/Cadence/SPB_17.2/share/pcb/allegrolib/symbols 


------ Summary Statistics ------


netrev run on Dec 10 10:23:26 2018
   DESIGN NAME : 'RGB_LED_SHIELD'
   PACKAGING ON Mar  2 2016 00:37:24

   COMPILE 'logic'
   CHECK_PIN_NAMES OFF
   CROSS_REFERENCE OFF
   FEEDBACK OFF
   INCREMENTAL OFF
   INTERFACE_TYPE PHYSICAL
   MAX_ERRORS 500
   MERGE_MINIMUM 5
   NET_NAME_CHARS '#%&()*+-./:=>?@[]^_`|'
   NET_NAME_LENGTH 24
   OVERSIGHTS ON
   REPLACE_CHECK OFF
   SINGLE_NODE_NETS ON
   SPLIT_MINIMUM 0
   SUPPRESS   20
   WARNINGS ON

 No error detected
 No oversight detected
 No warning detected

cpu time      0:00:26
elapsed time  0:00:00

